# JRE version: OpenJDK Runtime Environment (11.0.12+7) (build 11.0.12+7-b1504.28-7817840)
# Java VM: OpenJDK 64-Bit Server VM (11.0.12+7-b1504.28-7817840, mixed mode, tiered, compressed oops, g1 gc, windows-amd64)
Heap:
 garbage-first heap   total 195584K, used 63204K [0x0000000080000000, 0x0000000100000000)
  region size 1024K, 18 young (18432K), 9 survivors (9216K)
 Metaspace       used 69581K, capacity 71183K, committed 71448K, reserved 1118208K
  class space    used 9054K, capacity 9680K, committed 9752K, reserved 1048576K
GC Heap History (20 events):
Event: 4.981 GC heap before
{Heap before GC invocations=3 (full 0):
 garbage-first heap   total 129024K, used 53328K [0x0000000080000000, 0x0000000100000000)
  region size 1024K, 44 young (45056K), 3 survivors (3072K)
 Metaspace       used 17487K, capacity 17811K, committed 18176K, reserved 1064960K
  class space    used 2045K, capacity 2177K, committed 2304K, reserved 1048576K
}
Event: 4.994 GC heap after
{Heap after GC invocations=4 (full 0):
 garbage-first heap   total 129024K, used 15898K [0x0000000080000000, 0x0000000100000000)
  region size 1024K, 6 young (6144K), 6 survivors (6144K)
 Metaspace       used 17487K, capacity 17811K, committed 18176K, reserved 1064960K
  class space    used 2045K, capacity 2177K, committed 2304K, reserved 1048576K
}
Event: 5.513 GC heap before
{Heap before GC invocations=4 (full 0):
 garbage-first heap   total 129024K, used 46618K [0x0000000080000000, 0x0000000100000000)
  region size 1024K, 37 young (37888K), 6 survivors (6144K)
 Metaspace       used 20698K, capacity 21135K, committed 21248K, reserved 1067008K
  class space    used 2539K, capacity 2710K, committed 2816K, reserved 1048576K
}
Event: 5.526 GC heap after
{Heap after GC invocations=5 (full 0):
 garbage-first heap   total 129024K, used 17193K [0x0000000080000000, 0x0000000100000000)
  region size 1024K, 2 young (2048K), 2 survivors (2048K)
 Metaspace       used 20698K, capacity 21135K, committed 21248K, reserved 1067008K
  class space    used 2539K, capacity 2710K, committed 2816K, reserved 1048576K
}
Event: 6.685 GC heap before
{Heap before GC invocations=6 (full 0):
 garbage-first heap   total 129024K, used 67369K [0x0000000080000000, 0x0000000100000000)
  region size 1024K, 51 young (52224K), 2 survivors (2048K)
 Metaspace       used 25883K, capacity 26387K, committed 26624K, reserved 1073152K
  class space    used 3345K, capacity 3551K, committed 3584K, reserved 1048576K
}
Event: 6.694 GC heap after
{Heap after GC invocations=7 (full 0):
 garbage-first heap   total 129024K, used 18835K [0x0000000080000000, 0x0000000100000000)
  region size 1024K, 3 young (3072K), 3 survivors (3072K)
 Metaspace       used 25883K, capacity 26387K, committed 26624K, reserved 1073152K
  class space    used 3345K, capacity 3551K, committed 3584K, reserved 1048576K
}
Event: 11.433 GC heap before
{Heap before GC invocations=7 (full 0):
 garbage-first heap   total 129024K, used 81299K [0x0000000080000000, 0x0000000100000000)
  region size 1024K, 65 young (66560K), 3 survivors (3072K)
 Metaspace       used 34974K, capacity 35786K, committed 35840K, reserved 1081344K
  class space    used 4523K, capacity 4839K, committed 4864K, reserved 1048576K
}
Event: 11.462 GC heap after
{Heap after GC invocations=8 (full 0):
 garbage-first heap   total 129024K, used 22187K [0x0000000080000000, 0x0000000100000000)
  region size 1024K, 7 young (7168K), 7 survivors (7168K)
 Metaspace       used 34974K, capacity 35786K, committed 35840K, reserved 1081344K
  class space    used 4523K, capacity 4839K, committed 4864K, reserved 1048576K
}
Event: 14.127 GC heap before
{Heap before GC invocations=9 (full 0):
 garbage-first heap   total 129024K, used 89771K [0x0000000080000000, 0x0000000100000000)
  region size 1024K, 71 young (72704K), 7 survivors (7168K)
 Metaspace       used 40008K, capacity 40910K, committed 41036K, reserved 1085440K
  class space    used 5105K, capacity 5434K, committed 5452K, reserved 1048576K
}
Event: 14.158 GC heap after
{Heap after GC invocations=10 (full 0):
 garbage-first heap   total 162816K, used 27640K [0x0000000080000000, 0x0000000100000000)
  region size 1024K, 9 young (9216K), 9 survivors (9216K)
 Metaspace       used 40008K, capacity 40910K, committed 41036K, reserved 1085440K
  class space    used 5105K, capacity 5434K, committed 5452K, reserved 1048576K
}
Event: 17.572 GC heap before
{Heap before GC invocations=10 (full 0):
 garbage-first heap   total 162816K, used 115704K [0x0000000080000000, 0x0000000100000000)
  region size 1024K, 95 young (97280K), 9 survivors (9216K)
 Metaspace       used 47620K, capacity 48750K, committed 48844K, reserved 1091584K
  class space    used 6114K, capacity 6548K, committed 6604K, reserved 1048576K
}
Event: 17.604 GC heap after
{Heap after GC invocations=11 (full 0):
 garbage-first heap   total 162816K, used 31316K [0x0000000080000000, 0x0000000100000000)
  region size 1024K, 9 young (9216K), 9 survivors (9216K)
 Metaspace       used 47620K, capacity 48750K, committed 48844K, reserved 1091584K
  class space    used 6114K, capacity 6548K, committed 6604K, reserved 1048576K
}
Event: 20.566 GC heap before
{Heap before GC invocations=11 (full 0):
 garbage-first heap   total 162816K, used 123476K [0x0000000080000000, 0x0000000100000000)
  region size 1024K, 95 young (97280K), 9 survivors (9216K)
 Metaspace       used 54741K, capacity 56030K, committed 56268K, reserved 1097728K
  class space    used 7015K, capacity 7528K, committed 7628K, reserved 1048576K
}
Event: 20.592 GC heap after
{Heap after GC invocations=12 (full 0):
 garbage-first heap   total 162816K, used 44319K [0x0000000080000000, 0x0000000100000000)
  region size 1024K, 12 young (12288K), 12 survivors (12288K)
 Metaspace       used 54741K, capacity 56030K, committed 56268K, reserved 1097728K
  class space    used 7015K, capacity 7528K, committed 7628K, reserved 1048576K
}
Event: 21.532 GC heap before
{Heap before GC invocations=12 (full 0):
 garbage-first heap   total 162816K, used 68895K [0x0000000080000000, 0x0000000100000000)
  region size 1024K, 37 young (37888K), 12 survivors (12288K)
 Metaspace       used 58839K, capacity 60221K, committed 60288K, reserved 1101824K
  class space    used 7490K, capacity 8046K, committed 8064K, reserved 1048576K
}
Event: 21.559 GC heap after
{Heap after GC invocations=13 (full 0):
 garbage-first heap   total 162816K, used 46745K [0x0000000080000000, 0x0000000100000000)
  region size 1024K, 2 young (2048K), 2 survivors (2048K)
 Metaspace       used 58839K, capacity 60221K, committed 60288K, reserved 1101824K
  class space    used 7490K, capacity 8046K, committed 8064K, reserved 1048576K
}
Event: 23.255 GC heap before
{Heap before GC invocations=14 (full 0):
 garbage-first heap   total 162816K, used 102041K [0x0000000080000000, 0x0000000100000000)
  region size 1024K, 57 young (58368K), 2 survivors (2048K)
 Metaspace       used 64121K, capacity 65605K, committed 65816K, reserved 1105920K
  class space    used 8128K, capacity 8662K, committed 8728K, reserved 1048576K
}
Event: 23.286 GC heap after
{Heap after GC invocations=15 (full 0):
 garbage-first heap   total 195584K, used 50664K [0x0000000080000000, 0x0000000100000000)
  region size 1024K, 6 young (6144K), 6 survivors (6144K)
 Metaspace       used 64121K, capacity 65605K, committed 65816K, reserved 1105920K
  class space    used 8128K, capacity 8662K, committed 8728K, reserved 1048576K
}
Event: 26.007 GC heap before
{Heap before GC invocations=16 (full 0):
 garbage-first heap   total 195584K, used 122344K [0x0000000080000000, 0x0000000100000000)
  region size 1024K, 75 young (76800K), 6 survivors (6144K)
 Metaspace       used 68292K, capacity 69882K, committed 70168K, reserved 1114112K
  class space    used 8801K, capacity 9419K, committed 9496K, reserved 1048576K
}
Event: 26.027 GC heap after
{Heap after GC invocations=17 (full 0):
 garbage-first heap   total 195584K, used 55012K [0x0000000080000000, 0x0000000100000000)
  region size 1024K, 9 young (9216K), 9 survivors (9216K)
 Metaspace       used 68292K, capacity 69882K, committed 70168K, reserved 1114112K
  class space    used 8801K, capacity 9419K, committed 9496K, reserved 1048576K
}

